<?xml version="1.0" encoding="UTF-8"?>
<!-- Generated by org.testng.reporters.JUnitReportReporter -->
<testsuite skipped="0" hostname="Omers-MacBook-Pro.local" name="com.qa.orangehrm.test.HomePageTest" tests="8" failures="0" timestamp="2020-10-16T20:20:42 EDT" time="35.120" errors="0">
  <testcase name="verifyHomePageTitle" time="4.251" classname="com.qa.orangehrm.test.HomePageTest"/>
  <system-out/>
  <testcase name="verifyHomePageTitle" time="4.194" classname="com.qa.orangehrm.test.HomePageTest"/>
  <system-out/>
  <testcase name="verifyHomePageHeader" time="4.055" classname="com.qa.orangehrm.test.HomePageTest"/>
  <system-out/>
  <testcase name="verifyHomePageHeader" time="3.854" classname="com.qa.orangehrm.test.HomePageTest"/>
  <system-out/>
  <testcase name="verifyLoggedInUserAccount" time="4.004" classname="com.qa.orangehrm.test.HomePageTest"/>
  <system-out/>
  <testcase name="verifyLoggedInUserAccount" time="5.184" classname="com.qa.orangehrm.test.HomePageTest"/>
  <system-out/>
  <testcase name="verifyAuthentication" time="5.173" classname="com.qa.orangehrm.test.HomePageTest"/>
  <system-out/>
  <testcase name="verifyAuthentication" time="4.405" classname="com.qa.orangehrm.test.HomePageTest"/>
  <system-out/>
</testsuite> <!-- com.qa.orangehrm.test.HomePageTest -->
