<?xml version="1.0" encoding="UTF-8"?>
<!-- Generated by org.testng.reporters.JUnitReportReporter -->
<testsuite skipped="2" hostname="Omers-MacBook-Pro.local" name="com.qa.orangehrm.test.LoginPageTest" tests="8" failures="0" timestamp="2020-10-16T20:20:42 EDT" time="30.632" errors="0">
  <testcase name="verifyLoginPageTitle" time="5.917" classname="com.qa.orangehrm.test.LoginPageTest"/>
  <system-out/>
  <testcase name="verifyLoginPageTitle" time="2.565" classname="com.qa.orangehrm.test.LoginPageTest"/>
  <system-out/>
  <testcase name="verifyForgetPassLink" time="7.299" classname="com.qa.orangehrm.test.LoginPageTest"/>
  <system-out/>
  <testcase name="verifyForgetPassLink" time="2.952" classname="com.qa.orangehrm.test.LoginPageTest"/>
  <system-out/>
  <testcase name="loginTest" time="4.960" classname="com.qa.orangehrm.test.LoginPageTest"/>
  <system-out/>
  <testcase name="loginTest" time="6.939" classname="com.qa.orangehrm.test.LoginPageTest"/>
  <system-out/>
  <testcase name="login_InvalidTestCase" classname="com.qa.orangehrm.test.LoginPageTest">
    <skipped/>
  </testcase> <!-- login_InvalidTestCase -->
  <system-out/>
  <testcase name="login_InvalidTestCase" classname="com.qa.orangehrm.test.LoginPageTest">
    <skipped/>
  </testcase> <!-- login_InvalidTestCase -->
  <system-out/>
</testsuite> <!-- com.qa.orangehrm.test.LoginPageTest -->
