<?xml version="1.0" encoding="UTF-8"?>
<!-- Generated by org.testng.reporters.JUnitReportReporter -->
<testsuite skipped="0" hostname="Omers-MacBook-Pro.local" name="com.qa.orangehrm.test.AddEmployeeTest" tests="3" failures="0" timestamp="2020-10-14T20:13:50 EDT" time="24.118" errors="0">
  <testcase name="addEmployeeTest" time="8.832" classname="com.qa.orangehrm.test.AddEmployeeTest"/>
  <system-out/>
  <testcase name="addEmployeeTest" time="7.970" classname="com.qa.orangehrm.test.AddEmployeeTest"/>
  <system-out/>
  <testcase name="addEmployeeTest" time="7.316" classname="com.qa.orangehrm.test.AddEmployeeTest"/>
  <system-out/>
</testsuite> <!-- com.qa.orangehrm.test.AddEmployeeTest -->
