<?xml version="1.0" encoding="UTF-8"?>
<!-- Generated by org.testng.reporters.JUnitReportReporter -->
<testsuite hostname="Omers-MacBook-Pro.local" failures="0" tests="2" name="com.qa.orangehrm.test.LoginPageTest" time="1.869" errors="0" timestamp="13 Oct 2020 01:54:01 GMT" skipped="1">
  <testcase classname="com.qa.orangehrm.test.LoginPageTest" name="verifyLoginPageTitle" time="1.869"/>
  <testcase classname="com.qa.orangehrm.test.LoginPageTest" name="login_InvalidTestCase">
    <skipped/>
  </testcase> <!-- login_InvalidTestCase -->
</testsuite> <!-- com.qa.orangehrm.test.LoginPageTest -->
