<?xml version="1.0" encoding="UTF-8"?>
<!-- Generated by org.testng.reporters.JUnitReportReporter -->
<testsuite hostname="Omers-MacBook-Pro.local" failures="0" tests="1" name="com.qa.orangehrm.test.HomePageTest" time="3.797" errors="0" timestamp="13 Oct 2020 01:54:01 GMT" skipped="0">
  <testcase classname="com.qa.orangehrm.test.HomePageTest" name="verifyHomePageTitle" time="3.797"/>
</testsuite> <!-- com.qa.orangehrm.test.HomePageTest -->
